<?xml version="1.0" encoding="UTF-8"?>
<!-- Generated by org.testng.reporters.JUnitReportReporter -->
<testsuite hostname="DESKTOP-CMGR3T7" name="com.ng.ActionclassTest" tests="1" failures="0" timestamp="23 Jul 2022 03:29:29 GMT" time="10.749" errors="0">
  <testcase name="Action1" time="10.749" classname="com.ng.ActionclassTest"/>
</testsuite> <!-- com.ng.ActionclassTest -->
