<?xml version="1.0" encoding="UTF-8"?>
<!-- Generated by org.testng.reporters.JUnitReportReporter -->
<testsuite hostname="DESKTOP-CMGR3T7" failures="0" tests="1" name="com.ng.DoubleClickTest" time="3.413" errors="0" timestamp="2022-07-14T22:08:31 EDT" skipped="0">
  <testcase classname="com.ng.DoubleClickTest" name="Test" time="3.413"/>
  <system-out/>
</testsuite> <!-- com.ng.DoubleClickTest -->
