<?xml version="1.0" encoding="UTF-8"?>
<!-- Generated by org.testng.reporters.JUnitReportReporter -->
<testsuite hostname="DESKTOP-CMGR3T7" failures="0" tests="1" name="com.ng.NestedFrameTest" time="4.423" errors="0" timestamp="2022-07-14T22:17:13 EDT" skipped="0">
  <testcase classname="com.ng.NestedFrameTest" name="Frame" time="4.423"/>
  <system-out/>
</testsuite> <!-- com.ng.NestedFrameTest -->
