<?xml version="1.0" encoding="UTF-8"?>
<!-- Generated by org.testng.reporters.JUnitReportReporter -->
<testsuite hostname="DESKTOP-CMGR3T7" failures="0" tests="1" name="com.ng.NumberTestN" time="0.012" errors="0" timestamp="2022-07-13T22:23:10 EDT" skipped="0">
  <testcase classname="com.ng.NumberTestN" name="Nine" time="0.012"/>
  <system-out/>
</testsuite> <!-- com.ng.NumberTestN -->
